<?xml version="1.0" encoding="UTF-8"?>
<beans xmlns="http://www.springframework.org/schema/beans"
	xmlns:context="http://www.springframework.org/schema/context"
	xmlns:jaxws="http://cxf.apache.org/jaxws" xmlns:xsi="http://www.w3.org/2001/XMLSchema-instance"
	xmlns:jaxrs="http://cxf.apache.org/jaxrs" xmlns:tx="http://www.springframework.org/schema/tx"
	xmlns:jdbc="http://www.springframework.org/schema/jdbc"
	xsi:schemaLocation="http://www.springframework.org/schema/beans
    http://www.springframework.org/schema/beans/spring-beans-3.2.xsd
    http://www.springframework.org/schema/context
    http://www.springframework.org/schema/context/spring-context-3.2.xsd
    http://www.springframework.org/schema/tx 
    http://www.springframework.org/schema/tx/spring-tx-3.2.xsd
    http://cxf.apache.org/jaxws 
    http://cxf.apache.org/schemas/jaxws.xsd
    http://www.springframework.org/schema/jdbc 
    http://www.springframework.org/schema/jdbc/spring-jdbc-3.2.xsd
    http://cxf.apache.org/jaxrs
    http://cxf.apache.org/schemas/jaxrs.xsd">

	<bean id="transactionManager"
		class="org.springframework.orm.hibernate3.HibernateTransactionManager">
		<property name="sessionFactory" ref="sessionFactory" />
	</bean>

	<tx:annotation-driven />
	<!-- H2/HSQL/DERBY -->
	<jdbc:embedded-database id="dataSource" type="H2">
		<jdbc:script location="classpath:com/jdc/themis/dealer/domain/schema/tables.sql" />
		<jdbc:script location="classpath:com/jdc/themis/dealer/domain/data/data_refdata.sql" />
		<jdbc:script location="classpath:com/jdc/themis/dealer/domain/data/data_others.sql" />
	</jdbc:embedded-database>
    <!-- org.hibernate.dialect.H2Dialect -->
	<!-- org.hibernate.dialect.HSQLDialect -->
	<!-- org.hibernate.dialect.DerbyDialect -->
	<bean id="sessionFactory"
		class="org.springframework.orm.hibernate3.annotation.AnnotationSessionFactoryBean">
		<property name="dataSource" ref="dataSource" />
		<property name="packagesToScan" value="com.jdc.themis.dealer.domain" />
		<property name="hibernateProperties">
			<value>
				hibernate.dialect=org.hibernate.dialect.H2Dialect
				hibernate.show_sql=true
				transaction.factory_class=org.hibernate.transaction.JDBCTransactionFactory
				current_session_context_class=thread
			</value>
		</property>
	</bean>
	
	<bean id="refDataDAL" class="com.jdc.themis.dealer.data.dao.hibernate.RefDataDAOImpl">
	</bean>
	<bean id="incomeJournalDAL" class="com.jdc.themis.dealer.data.dao.hibernate.IncomeJournalDAOImpl">
	</bean>

</beans>